0 info it worked if it ends with ok
1 verbose cli [ '/usr/local/bin/node', '/usr/local/bin/npm', 'publish' ]
2 info using npm@3.7.2
3 info using node@v5.4.1
4 verbose publish [ '.' ]
5 silly cache add args [ '.', null ]
6 verbose cache add spec .
7 silly cache add parsed spec Result {
7 silly cache add   raw: '.',
7 silly cache add   scope: null,
7 silly cache add   name: null,
7 silly cache add   rawSpec: '.',
7 silly cache add   spec: '/Users/leo/Projects/npm/ninja-code-kit',
7 silly cache add   type: 'directory' }
8 verbose addLocalDirectory /Users/leo/.npm/node-kit/0.0.1/package.tgz not in flight; packing
9 verbose correctMkdir /Users/leo/.npm correctMkdir not in flight; initializing
10 info lifecycle node-kit@0.0.1~prepublish: node-kit@0.0.1
11 silly lifecycle node-kit@0.0.1~prepublish: no script for prepublish, continuing
12 verbose tar pack [ '/Users/leo/.npm/node-kit/0.0.1/package.tgz',
12 verbose tar pack   '/Users/leo/Projects/npm/ninja-code-kit' ]
13 verbose tarball /Users/leo/.npm/node-kit/0.0.1/package.tgz
14 verbose folder /Users/leo/Projects/npm/ninja-code-kit
15 verbose addLocalTarball adding from inside cache /Users/leo/.npm/node-kit/0.0.1/package.tgz
16 verbose correctMkdir /Users/leo/.npm correctMkdir not in flight; initializing
17 silly cache afterAdd node-kit@0.0.1
18 verbose afterAdd /Users/leo/.npm/node-kit/0.0.1/package/package.json not in flight; writing
19 verbose correctMkdir /Users/leo/.npm correctMkdir not in flight; initializing
20 verbose afterAdd /Users/leo/.npm/node-kit/0.0.1/package/package.json written
21 silly publish { name: 'node-kit',
21 silly publish   version: '0.0.1',
21 silly publish   description: 'Node based compiler for .kit files for use in NinjaMSP.',
21 silly publish   main: 'index.js',
21 silly publish   repository:
21 silly publish    { type: 'git',
21 silly publish      url: 'git+https://github.com/leojh/ninja-code-kit.git' },
21 silly publish   keywords:
21 silly publish    [ 'node',
21 silly publish      'kit',
21 silly publish      'codekit',
21 silly publish      'preprocess',
21 silly publish      'preprocessor',
21 silly publish      'html',
21 silly publish      'import',
21 silly publish      'include',
21 silly publish      'variables' ],
21 silly publish   author: { name: 'Jeremy Worboys, NinjaMSP' },
21 silly publish   license: 'MIT',
21 silly publish   readme: '# Node Kit\n\nThis is a fork of [node-kit](https://github.com/jeremyworboys/node-kit) to be used for NinjaMSP only.\n',
21 silly publish   readmeFilename: 'README.md',
21 silly publish   gitHead: '3b2b5f098b534d9991c8714dcc9d7ab4cd4214a5',
21 silly publish   bugs: { url: 'https://github.com/leojh/ninja-code-kit/issues' },
21 silly publish   homepage: 'https://github.com/leojh/ninja-code-kit#readme',
21 silly publish   _id: 'node-kit@0.0.1',
21 silly publish   scripts: {},
21 silly publish   _shasum: 'ea8653b9ecbba7d8efdbf484420e4222ac18d3fa',
21 silly publish   _from: '.' }
22 verbose getPublishConfig undefined
23 silly mapToRegistry name node-kit
24 silly mapToRegistry using default registry
25 silly mapToRegistry registry https://registry.npmjs.org/
26 silly mapToRegistry uri https://registry.npmjs.org/node-kit
27 verbose publish registryBase https://registry.npmjs.org/
28 silly publish uploading /Users/leo/.npm/node-kit/0.0.1/package.tgz
29 verbose request uri https://registry.npmjs.org/node-kit
30 verbose request sending authorization for write operation
31 info attempt registry request try #1 at 2:44:09 PM
32 verbose request using bearer token for auth
33 verbose request id 8faaad2a57cc53ca
34 http request PUT https://registry.npmjs.org/node-kit
35 http 403 https://registry.npmjs.org/node-kit
36 verbose headers { 'content-type': 'application/json',
36 verbose headers   'cache-control': 'max-age=300',
36 verbose headers   'content-length': '100',
36 verbose headers   'accept-ranges': 'bytes',
36 verbose headers   date: 'Tue, 16 Feb 2016 19:41:52 GMT',
36 verbose headers   via: '1.1 varnish',
36 verbose headers   connection: 'keep-alive',
36 verbose headers   'x-served-by': 'cache-jfk1026-JFK',
36 verbose headers   'x-cache': 'MISS',
36 verbose headers   'x-cache-hits': '0',
36 verbose headers   'x-timer': 'S1455651711.664006,VS0,VE621' }
37 verbose request invalidating /Users/leo/.npm/registry.npmjs.org/node-kit on PUT
38 error publish Failed PUT 403
39 verbose stack Error: You do not have permission to publish 'node-kit'. Are you logged in as the correct user? : node-kit
39 verbose stack     at makeError (/usr/local/lib/node_modules/npm/node_modules/npm-registry-client/lib/request.js:264:12)
39 verbose stack     at CachingRegistryClient.<anonymous> (/usr/local/lib/node_modules/npm/node_modules/npm-registry-client/lib/request.js:252:14)
39 verbose stack     at Request._callback (/usr/local/lib/node_modules/npm/node_modules/npm-registry-client/lib/request.js:172:14)
39 verbose stack     at Request.self.callback (/usr/local/lib/node_modules/npm/node_modules/request/request.js:199:22)
39 verbose stack     at emitTwo (events.js:87:13)
39 verbose stack     at Request.emit (events.js:172:7)
39 verbose stack     at Request.<anonymous> (/usr/local/lib/node_modules/npm/node_modules/request/request.js:1036:10)
39 verbose stack     at emitOne (events.js:82:20)
39 verbose stack     at Request.emit (events.js:169:7)
39 verbose stack     at IncomingMessage.<anonymous> (/usr/local/lib/node_modules/npm/node_modules/request/request.js:963:12)
40 verbose statusCode 403
41 verbose pkgid node-kit
42 verbose cwd /Users/leo/Projects/npm/ninja-code-kit
43 error Darwin 15.2.0
44 error argv "/usr/local/bin/node" "/usr/local/bin/npm" "publish"
45 error node v5.4.1
46 error npm  v3.7.2
47 error code E403
48 error You do not have permission to publish 'node-kit'. Are you logged in as the correct user? : node-kit
49 error If you need help, you may report this error at:
49 error     <https://github.com/npm/npm/issues>
50 verbose exit [ 1, true ]
